Version: 2020.4 Release from 2020-03-20 (change 767647) [Release]
Started @ 2021 May 25 (Tue):  16:40:17
Workflow: QQ-Facets
Operation: [acis, fpba, bg]
Architecture: Windows, ID: AMD64
System Windows-64bit
Using processor group 0/1
HEX Mesh information:
[Global mesh]
	global O(0 0 0) 	global S(58 17 75) Z(73949)
FARM allocation scheme: BBM
======================================================
 - pinning rule in use   : PINNING_RULE_MCALC_SKIP_ALL
 - desired group         : 0, sockets = 0
 - num cores available   : 4
 - num accessible procs  : 4
 - num logical procs     : 4
 - affinity (main thread): 11 11 
 - sockets               : 0
 - potential cores       : 0,2
 - affinity              : 11
 - active cores          : 0,2
 - hyperthreading        : on
 - allowed socket ids    : 0
 - allowed core ids      : 0,2
 - used mask (string)    : 10 10 
======================================================

========================================================================
Processing CAD model (for field results)
	[Improved internal geometry representation]
	[Accuracy improvement for long shapes in inhomogeneous mesh regions]
Version 2020.4 (build 20200320)
PBA version 2020032020
2021 May 25 (Tue):  16:40:17
========================================================================

===========================================
Finished CAD processing (for field results)
===========================================

========================================================================
Processing CAD model
	[Improved internal geometry representation]
	[Accuracy improvement for long shapes in inhomogeneous mesh regions]
Version 2020.4 (build 20200320)
PBA version 2020032020
2021 May 25 (Tue):  16:40:17
========================================================================

----------------------------------------------
Used point accuracy enhancement value: 72.00%.
----------------------------------------------

=============================================================================
Mesh statistics:
-----------------------------------------------------------------------------
Minimum edge length (x): 0.526 @ mesh line 28 (x)
Maximum edge length (x): 4.57 @ mesh line 43 (x)
Minimum face area (x): 0.228 @ mesh lines 7 | 14 (y | z)
Maximum face area (x): 22.5 @ mesh lines 13 | 72 (y | z)
Minimum edge length (y): 0.529 @ mesh line 7 (y)
Maximum edge length (y): 4.42 @ mesh line 13 (y)
Minimum face area (y): 0.226 @ mesh lines 14 | 28 (z | x)
Maximum face area (y): 23.2 @ mesh lines 72 | 43 (z | x)
Minimum edge length (z): 0.43 @ mesh line 14 (z)
Maximum edge length (z): 5.08 @ mesh line 72 (z)
Minimum face area (z): 0.278 @ mesh lines 28 | 7 (x | y)
Maximum face area (z): 20.2 @ mesh lines 43 | 13 (x | y)
Maximum mesh face aspect ratio (x): 10.3 : 1.0  @ mesh lines 13 | 14 (y | z)
Maximum mesh face aspect ratio (y): 10.6 : 1.0  @ mesh lines 14 | 43 (z | x)
Maximum mesh face aspect ratio (z): 8.62 : 1.0  @ mesh lines 43 | 7 (x | y)
=============================================================================

=============================================================================
Available resources to store TST cells: 2147409697 (2903867.07% of mesh size)
=============================================================================

==================================================================================================
== CST Matrix Calculation Priority Log                                                          ==
==================================================================================================
 
Priorities are sorted in ascending order beginning with the lowest priority
 
Priority:   1, shape  13: </cst/Boundaries/> Up^Z, material: air_0, float:   0.00e+00, 2D/3D-geometry: false, wire: false, sheet:  true, human: false, PEC: false, SI: false, face port:   0, feature ID:      -1
Priority:   1, shape  12: </cst/Boundaries/> Up^Y, material: air_0, float:   0.00e+00, 2D/3D-geometry: false, wire: false, sheet:  true, human: false, PEC: false, SI: false, face port:   0, feature ID:      -1
Priority:   1, shape  11: </cst/Boundaries/> Up^X, material: air_0, float:   0.00e+00, 2D/3D-geometry: false, wire: false, sheet:  true, human: false, PEC: false, SI: false, face port:   0, feature ID:      -1
Priority:   1, shape  10: </cst/Boundaries/> Low^Z, material: air_0, float:   0.00e+00, 2D/3D-geometry: false, wire: false, sheet:  true, human: false, PEC: false, SI: false, face port:   0, feature ID:      -1
Priority:   1, shape   9: </cst/Boundaries/> Low^Y, material: air_0, float:   0.00e+00, 2D/3D-geometry: false, wire: false, sheet:  true, human: false, PEC: false, SI: false, face port:   0, feature ID:      -1
Priority:   1, shape   8: </cst/Boundaries/> Low^X, material: air_0, float:   0.00e+00, 2D/3D-geometry: false, wire: false, sheet:  true, human: false, PEC: false, SI: false, face port:   0, feature ID:      -1
Priority:   2, shape  15: </cst/Ports/> discrete_face_port:1^t1, material: PEC, float:   0.00e+00, 2D/3D-geometry: false, wire: false, sheet: false, human: false, PEC:  true, SI: false, face port:   1, feature ID:      -1
Priority:   2, shape  14: </cst/Ports/> discrete_face_port:1^t0, material: PEC, float:   0.00e+00, 2D/3D-geometry: false, wire: false, sheet: false, human: false, PEC:  true, SI: false, face port:   1, feature ID:      -1
Priority:   3, shape   6: component1:solid6, material: PEC, float:   0.00e+00, 2D/3D-geometry: true, wire: false, sheet: false, human: false, PEC:  true, SI: false, face port:   0, feature ID:      -1
Priority:   3, shape   5: component1:solid5, material: PEC, float:   0.00e+00, 2D/3D-geometry: true, wire: false, sheet: false, human: false, PEC:  true, SI: false, face port:   0, feature ID:      -1
Priority:   3, shape   4: component1:solid4, material: PEC, float:   0.00e+00, 2D/3D-geometry: true, wire: false, sheet: false, human: false, PEC:  true, SI: false, face port:   0, feature ID:      -1
Priority:   3, shape   3: component1:solid3, material: PEC, float:   0.00e+00, 2D/3D-geometry: true, wire: false, sheet: false, human: false, PEC:  true, SI: false, face port:   0, feature ID:      -1
Priority:   3, shape   2: component1:solid2, material: PEC, float:   0.00e+00, 2D/3D-geometry: true, wire: false, sheet: false, human: false, PEC:  true, SI: false, face port:   0, feature ID:      -1
Priority:   3, shape   1: component1:solid1, material: PEC, float:   0.00e+00, 2D/3D-geometry: true, wire: false, sheet: false, human: false, PEC:  true, SI: false, face port:   0, feature ID:      -1
Priority:   4, shape   7: discrete_face_port:1, material: PEC, float:   0.00e+00, 2D/3D-geometry: true, wire: false, sheet:  true, human: false, PEC:  true, SI: false, face port:   1, feature ID:      -1
 
==================================================================================================
 
================================================================================================
General settings
	PBA version: default
------------------------------------------------------------------------------------------------
Geometry processor:default
	Geo accuracy: 72.000000
	PEC background is represented by CAD geometry: false
	Watertightness check: true
	Self intersection check: false
	Inheritance (all): false
	Normal dominance (all): false
	Normal dominance (ports): false
	Flanges hollow: true
	One shape per flange: false
------------------------------------------------------------------------------------------------
Connectivity settings
	Workflow selection: 0
	Workflow version: 20190101
	Gap detection: true
	Gap detection version: 2
	TST version: 2
	QQ workflow: true
	CoCo workflow: true
	Legacy topology: false
	Connectivity check: true
------------------------------------------------------------------------------------------------
Geometry processing log
	no entries
================================================================================================
=======================
Finished CAD processing
=======================

------------------------------------------------------------
Parallelization Info
------------------------------------------------------------
Hyperthreading: active: true, used: false
Number of concurrent threads: 2
Number of node domains: 2
Number of mesh fill domains: 8
Memory downscale: 1
CPU load: 100.00%
Emptiness: 0.00%
Hex mesh complexity: 0.06749
Geometric complexity: 0.06078
------------------------------------------------------------
Node order
1, 0
------------------------------------------------------------

-----------------------------------
Mesh: # of points excl. TSTs: 73950
      # of points incl. TSTs: 73950
-----------------------------------

1xN000:  Version: 2020.4 Release from 2020-03-20 (change 767647) [Release]
         Started @ 2021 May 25 (Tue):  16:40:18
         Workflow: PBA matrix coefficients
         Operation: [fpba, meshfill, bg, port-path, tst, tst-nextgen, coeff, surface-imp, connectivity-tree]
         Architecture: Windows, ID: AMD64
         System Windows-64bit
         Using processor group 0/1
         HEX Mesh information:
         [Global mesh]
         	global O(0 0 0) 	global S(58 17 34) Z(33523)
         [Extended mesh]
         	extended O(0 0 0) 	extended S(58 17 35) Z(34509)
         FARM allocation scheme: BBM
1xN000:  <<<<<<<<<<<<<<<<<<<<<<<<<<<<
         2021 May 25 (Tue):  16:40:18
         <<<<<<<<<<<<<<<<<<<<<<<<<<<<

1xN000:  ======================================================
          - pinning rule in use   : PINNING_RULE_MCALC_SKIP_ALL
          - desired group         : 0, sockets = 0
          - num cores available   : 4
          - num accessible procs  : 4
          - num logical procs     : 4
          - affinity (main thread): 11 11
          - sockets               : 0
          - potential cores       : 0,2
          - affinity              : 11
          - active cores          : 0,2
          - hyperthreading        : on
          - allowed socket ids    : 0
          - allowed core ids      : 0,2
          - used mask (string)    : 10 10

         ======================================================

1xN000:  ===============================
         Matrix computation (PBA)
         	[PBA version: default]
         Version 2020.4 (build 20200320)
         PBA version 2020032020
         2021 May 25 (Tue):  16:40:18
         ===============================

1xN000:  ----------------------------------------------
         Used point accuracy enhancement value: 72.00%.
         ----------------------------------------------

1xN000:  Gap-Detection activated for FARM-topology. Gaps are resolved, even partially.: gap tolerance value is 0.001 and mesh geometry scale is 0.001
1xN000:  cccccccccccccccccccccccccccccccccccccccccccccccccccccccccccccccccccc
         FARM/Meshfill cache is set to 8 (local FI domains: 4, dynamic: true)
         cccccccccccccccccccccccccccccccccccccccccccccccccccccccccccccccccccc

1xN000:  =============================================================
         Hex cell analyzer settings:
         	max number of E fields per mesh edge: 2
         	max number of H fields per mesh face: 4
         	supporting dual grid: false
         	performance improvement: ROI limit: true
         	performance improvement: ROI threshold: 2
         	performance improvement: single topology extraction: true
         	performance improvement: pre-categorize cell volume: true
         	periodic align: 0
         	periodic cells: true
         =============================================================

1xN000:  ------------------------------------------------------------------------------
         PBA fill limit is applied in inverse mode.
         PBA fill limit is applied on faces filled with at least 99.00% metal material.
         --------------------------------------------------------------
         detailed accuracy settings:
         --------------------------------------------------------------
         augmented fill limit:       true
         augmented fill limit value: 99.00
         automatic fill limit:       true
         early fill limit:           true
         inverse fill limit:         true
         model complexity:           0.00
         legacy 2015:                false
         fixed point accuracy:       false
         minimum point accuracy:     0
         mesh step inheritance:      false
         accuracy mode:
         ------------------------------------------------------------------------------

1xN000:  =================================
         Finished matrix computation (PBA)
         =================================

1xN000:  >>>>>>>>>>>>>>>>>>>>>>>>>>>>
         2021 May 25 (Tue):  16:40:22
         >>>>>>>>>>>>>>>>>>>>>>>>>>>>



1xN001:  Version: 2020.4 Release from 2020-03-20 (change 767647) [Release]
         Started @ 2021 May 25 (Tue):  16:40:18
         Workflow: PBA matrix coefficients
         Operation: [fpba, meshfill, bg, port-path, tst, tst-nextgen, coeff, surface-imp, connectivity-tree]
         Architecture: Windows, ID: AMD64
         System Windows-64bit
         Using processor group 0/1
         HEX Mesh information:
         [Global mesh]
         	global O(0 0 32) 	global S(58 17 43) Z(42397)
         [Extended mesh]
         	extended O(0 0 31) 	extended S(58 17 44) Z(43383)
         FARM allocation scheme: BBM
1xN001:  <<<<<<<<<<<<<<<<<<<<<<<<<<<<
         2021 May 25 (Tue):  16:40:18
         <<<<<<<<<<<<<<<<<<<<<<<<<<<<

1xN001:  ======================================================
          - pinning rule in use   : PINNING_RULE_MCALC_SKIP_ALL
          - desired group         : 0, sockets = 0
          - num cores available   : 4
          - num accessible procs  : 4
          - num logical procs     : 4
          - affinity (main thread): 11 11
          - sockets               : 0
          - potential cores       : 0,2
          - affinity              : 11
          - active cores          : 0,2
          - hyperthreading        : on
          - allowed socket ids    : 0
          - allowed core ids      : 0,2
          - used mask (string)    : 10 10

         ======================================================

1xN001:  ===============================
         Matrix computation (PBA)
         	[PBA version: default]
         Version 2020.4 (build 20200320)
         PBA version 2020032020
         2021 May 25 (Tue):  16:40:18
         ===============================

1xN001:  ----------------------------------------------
         Used point accuracy enhancement value: 72.00%.
         ----------------------------------------------

1xN001:  Gap-Detection activated for FARM-topology. Gaps are resolved, even partially.: gap tolerance value is 0.001 and mesh geometry scale is 0.001
1xN001:  cccccccccccccccccccccccccccccccccccccccccccccccccccccccccccccccccccc
         FARM/Meshfill cache is set to 8 (local FI domains: 8, dynamic: true)
         cccccccccccccccccccccccccccccccccccccccccccccccccccccccccccccccccccc

1xN001:  =============================================================
         Hex cell analyzer settings:
         	max number of E fields per mesh edge: 2
         	max number of H fields per mesh face: 4
         	supporting dual grid: false
         	performance improvement: ROI limit: true
         	performance improvement: ROI threshold: 2
         	performance improvement: single topology extraction: true
         	performance improvement: pre-categorize cell volume: true
         	periodic align: 0
         	periodic cells: true
         =============================================================

1xN001:  ------------------------------------------------------------------------------
         PBA fill limit is applied in inverse mode.
         PBA fill limit is applied on faces filled with at least 99.00% metal material.
         --------------------------------------------------------------
         detailed accuracy settings:
         --------------------------------------------------------------
         augmented fill limit:       true
         augmented fill limit value: 99.00
         automatic fill limit:       true
         early fill limit:           true
         inverse fill limit:         true
         model complexity:           0.00
         legacy 2015:                false
         fixed point accuracy:       false
         minimum point accuracy:     0
         mesh step inheritance:      false
         accuracy mode:
         ------------------------------------------------------------------------------

1xN001:  discrete face port "1" is connected to metal material.
1xN001:  ----------------------------------------------------------------
         The following discrete face port is connected to metal material:
         	1
         ----------------------------------------------------------------

1xN001:  =================================
         Finished matrix computation (PBA)
         =================================

1xN001:  >>>>>>>>>>>>>>>>>>>>>>>>>>>>
         2021 May 25 (Tue):  16:40:24
         >>>>>>>>>>>>>>>>>>>>>>>>>>>>



--------------------------------
# of staircase filled cells: 0
# of staircase filled areas: 0
# of staircase filled edges: 0
# of faces above fill limit: 0
# of edges with FPBA topology: 0
--------------------------------

